<?xml version="1.0" encoding="UTF-8"?>
<testng-results skipped="0" failed="0" ignored="0" total="4" passed="4">
  <reporter-output>
  </reporter-output>
  <suite name="Default suite" duration-ms="28384" started-at="2018-06-25T03:48:35Z" finished-at="2018-06-25T03:49:04Z">
    <groups>
    </groups>
    <test name="Default test" duration-ms="28384" started-at="2018-06-25T03:48:35Z" finished-at="2018-06-25T03:49:04Z">
      <class name="com.prestashop.tests.NegativeScenarios">
        <test-method status="PASS" signature="setUp()[pri:0, instance:com.prestashop.tests.NegativeScenarios@39c0f4a]" name="setUp" is-config="true" duration-ms="8418" started-at="2018-06-25T03:48:35Z" finished-at="2018-06-25T03:48:44Z">
          <reporter-output>
          </reporter-output>
        </test-method> <!-- setUp -->
        <test-method status="PASS" signature="blankEmailTest()[pri:0, instance:com.prestashop.tests.NegativeScenarios@39c0f4a]" name="blankEmailTest" duration-ms="1128" started-at="2018-06-25T03:48:44Z" finished-at="2018-06-25T03:48:45Z">
          <reporter-output>
          </reporter-output>
        </test-method> <!-- blankEmailTest -->
        <test-method status="PASS" signature="tearDown()[pri:0, instance:com.prestashop.tests.NegativeScenarios@39c0f4a]" name="tearDown" is-config="true" duration-ms="107" started-at="2018-06-25T03:48:45Z" finished-at="2018-06-25T03:48:45Z">
          <reporter-output>
          </reporter-output>
        </test-method> <!-- tearDown -->
        <test-method status="PASS" signature="setUp()[pri:0, instance:com.prestashop.tests.NegativeScenarios@39c0f4a]" name="setUp" is-config="true" duration-ms="4803" started-at="2018-06-25T03:48:45Z" finished-at="2018-06-25T03:48:50Z">
          <reporter-output>
          </reporter-output>
        </test-method> <!-- setUp -->
        <test-method status="PASS" signature="blankPasswordTest()[pri:0, instance:com.prestashop.tests.NegativeScenarios@39c0f4a]" name="blankPasswordTest" duration-ms="1215" started-at="2018-06-25T03:48:50Z" finished-at="2018-06-25T03:48:51Z">
          <reporter-output>
          </reporter-output>
        </test-method> <!-- blankPasswordTest -->
        <test-method status="PASS" signature="tearDown()[pri:0, instance:com.prestashop.tests.NegativeScenarios@39c0f4a]" name="tearDown" is-config="true" duration-ms="108" started-at="2018-06-25T03:48:51Z" finished-at="2018-06-25T03:48:51Z">
          <reporter-output>
          </reporter-output>
        </test-method> <!-- tearDown -->
        <test-method status="PASS" signature="setUp()[pri:0, instance:com.prestashop.tests.NegativeScenarios@39c0f4a]" name="setUp" is-config="true" duration-ms="5599" started-at="2018-06-25T03:48:51Z" finished-at="2018-06-25T03:48:57Z">
          <reporter-output>
          </reporter-output>
        </test-method> <!-- setUp -->
        <test-method status="PASS" signature="invalidEmailTest()[pri:0, instance:com.prestashop.tests.NegativeScenarios@39c0f4a]" name="invalidEmailTest" duration-ms="1669" started-at="2018-06-25T03:48:57Z" finished-at="2018-06-25T03:48:58Z">
          <reporter-output>
          </reporter-output>
        </test-method> <!-- invalidEmailTest -->
        <test-method status="PASS" signature="tearDown()[pri:0, instance:com.prestashop.tests.NegativeScenarios@39c0f4a]" name="tearDown" is-config="true" duration-ms="124" started-at="2018-06-25T03:48:58Z" finished-at="2018-06-25T03:48:58Z">
          <reporter-output>
          </reporter-output>
        </test-method> <!-- tearDown -->
        <test-method status="PASS" signature="setUp()[pri:0, instance:com.prestashop.tests.NegativeScenarios@39c0f4a]" name="setUp" is-config="true" duration-ms="4328" started-at="2018-06-25T03:48:58Z" finished-at="2018-06-25T03:49:03Z">
          <reporter-output>
          </reporter-output>
        </test-method> <!-- setUp -->
        <test-method status="PASS" signature="wrongCredentialsTest()[pri:0, instance:com.prestashop.tests.NegativeScenarios@39c0f4a]" name="wrongCredentialsTest" duration-ms="751" started-at="2018-06-25T03:49:03Z" finished-at="2018-06-25T03:49:04Z">
          <reporter-output>
          </reporter-output>
        </test-method> <!-- wrongCredentialsTest -->
        <test-method status="PASS" signature="tearDown()[pri:0, instance:com.prestashop.tests.NegativeScenarios@39c0f4a]" name="tearDown" is-config="true" duration-ms="109" started-at="2018-06-25T03:49:04Z" finished-at="2018-06-25T03:49:04Z">
          <reporter-output>
          </reporter-output>
        </test-method> <!-- tearDown -->
      </class> <!-- com.prestashop.tests.NegativeScenarios -->
    </test> <!-- Default test -->
  </suite> <!-- Default suite -->
</testng-results>
