<?xml version="1.0" encoding="UTF-8"?>
<!-- Generated by org.testng.reporters.JUnitXMLReporter -->
<testsuite hostname="TANERs-MBP.home" ignored="0" name="Default test" tests="4" failures="0" timestamp="25 Jun 2018 03:49:04 GMT" time="28.384" errors="0">
  <testcase name="blankEmailTest" time="1.128" classname="com.prestashop.tests.NegativeScenarios"/>
  <testcase name="blankPasswordTest" time="1.215" classname="com.prestashop.tests.NegativeScenarios"/>
  <testcase name="invalidEmailTest" time="1.669" classname="com.prestashop.tests.NegativeScenarios"/>
  <testcase name="wrongCredentialsTest" time="0.751" classname="com.prestashop.tests.NegativeScenarios"/>
</testsuite> <!-- Default test -->
